c:\users\administrator\desktop\mytextwrap\proj.win32\debug.win32\chatcell.obj
c:\users\administrator\desktop\mytextwrap\proj.win32\debug.win32\helloworldscene.obj
c:\users\administrator\desktop\mytextwrap\proj.win32\debug.win32\chatdata.obj
c:\users\administrator\desktop\mytextwrap\proj.win32\debug.win32\globalfunc.obj
c:\users\administrator\desktop\mytextwrap\proj.win32\debug.win32\appdelegate.obj
c:\users\administrator\desktop\mytextwrap\proj.win32\debug.win32\chatshow.obj
c:\users\administrator\desktop\mytextwrap\proj.win32\debug.win32\chatlayer.obj
c:\users\administrator\desktop\mytextwrap\proj.win32\debug.win32\main.obj
c:\users\administrator\desktop\mytextwrap\proj.win32\debug.win32\vc120.pdb
c:\users\administrator\desktop\mytextwrap\proj.win32\debug.win32\mytextwrap.ilk
c:\users\administrator\desktop\mytextwrap\proj.win32\debug.win32\mytextwrap.exe
c:\users\administrator\desktop\mytextwrap\proj.win32\debug.win32\mytextwrap.pdb
c:\users\administrator\desktop\mytextwrap\proj.win32\debug.win32\mytextwrap.lib
c:\users\administrator\desktop\mytextwrap\proj.win32\debug.win32\mytextwrap.exp
c:\users\administrator\desktop\mytextwrap\proj.win32\mytextwrap.cab
c:\users\administrator\desktop\mytextwrap\proj.win32\debug.win32\game.res
c:\users\administrator\desktop\mytextwrap\proj.win32\debug.win32\libcocos2d.exp
c:\users\administrator\desktop\mytextwrap\proj.win32\debug.win32\vc120.idb
c:\users\administrator\desktop\mytextwrap\proj.win32\debug.win32\libcocos2d.pdb
c:\users\administrator\desktop\mytextwrap\proj.win32\debug.win32\mytextwrap.tlog\cl.command.1.tlog
c:\users\administrator\desktop\mytextwrap\proj.win32\debug.win32\mytextwrap.tlog\cl.read.1.tlog
c:\users\administrator\desktop\mytextwrap\proj.win32\debug.win32\mytextwrap.tlog\cl.write.1.tlog
c:\users\administrator\desktop\mytextwrap\proj.win32\debug.win32\mytextwrap.tlog\link.command.1.tlog
c:\users\administrator\desktop\mytextwrap\proj.win32\debug.win32\mytextwrap.tlog\link.read.1.tlog
c:\users\administrator\desktop\mytextwrap\proj.win32\debug.win32\mytextwrap.tlog\link.write.1.tlog
c:\users\administrator\desktop\mytextwrap\proj.win32\debug.win32\mytextwrap.tlog\mytextwrap.write.1u.tlog
c:\users\administrator\desktop\mytextwrap\proj.win32\debug.win32\mytextwrap.tlog\rc.command.1.tlog
c:\users\administrator\desktop\mytextwrap\proj.win32\debug.win32\mytextwrap.tlog\rc.read.1.tlog
c:\users\administrator\desktop\mytextwrap\proj.win32\debug.win32\mytextwrap.tlog\rc.write.1.tlog
