c:\users\administrator\desktop\mytextwrap\cocos2d\cocos\editor-support\spine\proj.win32\debug.win32\bone.obj
c:\users\administrator\desktop\mytextwrap\cocos2d\cocos\editor-support\spine\proj.win32\debug.win32\vc120.pdb
c:\users\administrator\desktop\mytextwrap\cocos2d\cocos\editor-support\spine\proj.win32\debug.win32\attachmentloader.obj
c:\users\administrator\desktop\mytextwrap\cocos2d\cocos\editor-support\spine\proj.win32\debug.win32\attachment.obj
c:\users\administrator\desktop\mytextwrap\cocos2d\cocos\editor-support\spine\proj.win32\debug.win32\atlas.obj
c:\users\administrator\desktop\mytextwrap\cocos2d\cocos\editor-support\spine\proj.win32\debug.win32\atlasattachmentloader.obj
c:\users\administrator\desktop\mytextwrap\cocos2d\cocos\editor-support\spine\proj.win32\debug.win32\animationstatedata.obj
c:\users\administrator\desktop\mytextwrap\cocos2d\cocos\editor-support\spine\proj.win32\debug.win32\animation.obj
c:\users\administrator\desktop\mytextwrap\cocos2d\cocos\editor-support\spine\proj.win32\debug.win32\bonedata.obj
c:\users\administrator\desktop\mytextwrap\cocos2d\cocos\editor-support\spine\proj.win32\debug.win32\boundingboxattachment.obj
c:\users\administrator\desktop\mytextwrap\cocos2d\cocos\editor-support\spine\proj.win32\debug.win32\event.obj
c:\users\administrator\desktop\mytextwrap\cocos2d\cocos\editor-support\spine\proj.win32\debug.win32\extension.obj
c:\users\administrator\desktop\mytextwrap\cocos2d\cocos\editor-support\spine\proj.win32\debug.win32\ikconstraint.obj
c:\users\administrator\desktop\mytextwrap\cocos2d\cocos\editor-support\spine\proj.win32\debug.win32\ikconstraintdata.obj
c:\users\administrator\desktop\mytextwrap\cocos2d\cocos\editor-support\spine\proj.win32\debug.win32\animationstate.obj
c:\users\administrator\desktop\mytextwrap\cocos2d\cocos\editor-support\spine\proj.win32\debug.win32\json.obj
c:\users\administrator\desktop\mytextwrap\cocos2d\cocos\editor-support\spine\proj.win32\debug.win32\meshattachment.obj
c:\users\administrator\desktop\mytextwrap\cocos2d\cocos\editor-support\spine\proj.win32\debug.win32\skeletonjson.obj
c:\users\administrator\desktop\mytextwrap\cocos2d\cocos\editor-support\spine\proj.win32\debug.win32\skin.obj
c:\users\administrator\desktop\mytextwrap\cocos2d\cocos\editor-support\spine\proj.win32\debug.win32\skinnedmeshattachment.obj
c:\users\administrator\desktop\mytextwrap\cocos2d\cocos\editor-support\spine\proj.win32\debug.win32\slot.obj
c:\users\administrator\desktop\mytextwrap\cocos2d\cocos\editor-support\spine\proj.win32\debug.win32\slotdata.obj
c:\users\administrator\desktop\mytextwrap\cocos2d\cocos\editor-support\spine\proj.win32\debug.win32\eventdata.obj
c:\users\administrator\desktop\mytextwrap\cocos2d\cocos\editor-support\spine\proj.win32\debug.win32\skeleton.obj
c:\users\administrator\desktop\mytextwrap\cocos2d\cocos\editor-support\spine\proj.win32\debug.win32\skeletonbounds.obj
c:\users\administrator\desktop\mytextwrap\cocos2d\cocos\editor-support\spine\proj.win32\debug.win32\skeletondata.obj
c:\users\administrator\desktop\mytextwrap\cocos2d\cocos\editor-support\spine\proj.win32\debug.win32\regionattachment.obj
c:\users\administrator\desktop\mytextwrap\cocos2d\cocos\editor-support\spine\proj.win32\debug.win32\polygonbatch.obj
c:\users\administrator\desktop\mytextwrap\cocos2d\cocos\editor-support\spine\proj.win32\debug.win32\spine-cocos2dx.obj
c:\users\administrator\desktop\mytextwrap\cocos2d\cocos\editor-support\spine\proj.win32\debug.win32\skeletonrenderer.obj
c:\users\administrator\desktop\mytextwrap\cocos2d\cocos\editor-support\spine\proj.win32\debug.win32\skeletonanimation.obj
c:\users\administrator\desktop\mytextwrap\proj.win32\debug.win32\libspine.lib
c:\users\administrator\desktop\mytextwrap\cocos2d\cocos\editor-support\spine\proj.win32\debug.win32\vc120.idb
c:\users\administrator\desktop\mytextwrap\cocos2d\cocos\editor-support\spine\proj.win32\debug.win32\vc120_ib_1.idb
c:\users\administrator\desktop\mytextwrap\cocos2d\cocos\editor-support\spine\proj.win32\debug.win32\vc120_ib_10.idb
c:\users\administrator\desktop\mytextwrap\cocos2d\cocos\editor-support\spine\proj.win32\debug.win32\vc120_ib_2.idb
c:\users\administrator\desktop\mytextwrap\cocos2d\cocos\editor-support\spine\proj.win32\debug.win32\vc120_ib_3.idb
c:\users\administrator\desktop\mytextwrap\cocos2d\cocos\editor-support\spine\proj.win32\debug.win32\vc120_ib_4.idb
c:\users\administrator\desktop\mytextwrap\cocos2d\cocos\editor-support\spine\proj.win32\debug.win32\vc120_ib_5.idb
c:\users\administrator\desktop\mytextwrap\cocos2d\cocos\editor-support\spine\proj.win32\debug.win32\vc120_ib_6.idb
c:\users\administrator\desktop\mytextwrap\cocos2d\cocos\editor-support\spine\proj.win32\debug.win32\vc120_ib_7.idb
c:\users\administrator\desktop\mytextwrap\cocos2d\cocos\editor-support\spine\proj.win32\debug.win32\vc120_ib_8.idb
c:\users\administrator\desktop\mytextwrap\cocos2d\cocos\editor-support\spine\proj.win32\debug.win32\vc120_ib_9.idb
c:\users\administrator\desktop\mytextwrap\cocos2d\cocos\editor-support\spine\proj.win32\debug.win32\vc120_ib_1.pdb
c:\users\administrator\desktop\mytextwrap\cocos2d\cocos\editor-support\spine\proj.win32\debug.win32\vc120_ib_10.pdb
c:\users\administrator\desktop\mytextwrap\cocos2d\cocos\editor-support\spine\proj.win32\debug.win32\vc120_ib_2.pdb
c:\users\administrator\desktop\mytextwrap\cocos2d\cocos\editor-support\spine\proj.win32\debug.win32\vc120_ib_3.pdb
c:\users\administrator\desktop\mytextwrap\cocos2d\cocos\editor-support\spine\proj.win32\debug.win32\vc120_ib_4.pdb
c:\users\administrator\desktop\mytextwrap\cocos2d\cocos\editor-support\spine\proj.win32\debug.win32\vc120_ib_5.pdb
c:\users\administrator\desktop\mytextwrap\cocos2d\cocos\editor-support\spine\proj.win32\debug.win32\vc120_ib_6.pdb
c:\users\administrator\desktop\mytextwrap\cocos2d\cocos\editor-support\spine\proj.win32\debug.win32\vc120_ib_7.pdb
c:\users\administrator\desktop\mytextwrap\cocos2d\cocos\editor-support\spine\proj.win32\debug.win32\vc120_ib_8.pdb
c:\users\administrator\desktop\mytextwrap\cocos2d\cocos\editor-support\spine\proj.win32\debug.win32\vc120_ib_9.pdb
c:\users\administrator\desktop\mytextwrap\cocos2d\cocos\editor-support\spine\proj.win32\debug.win32\libspine.tlog\cl.command.1.tlog
c:\users\administrator\desktop\mytextwrap\cocos2d\cocos\editor-support\spine\proj.win32\debug.win32\libspine.tlog\cl.read.1.tlog
c:\users\administrator\desktop\mytextwrap\cocos2d\cocos\editor-support\spine\proj.win32\debug.win32\libspine.tlog\cl.write.1.tlog
c:\users\administrator\desktop\mytextwrap\cocos2d\cocos\editor-support\spine\proj.win32\debug.win32\libspine.tlog\lib-link.read.1.tlog
c:\users\administrator\desktop\mytextwrap\cocos2d\cocos\editor-support\spine\proj.win32\debug.win32\libspine.tlog\lib-link.write.1.tlog
c:\users\administrator\desktop\mytextwrap\cocos2d\cocos\editor-support\spine\proj.win32\debug.win32\libspine.tlog\lib.command.1.tlog
